<?xml version="1.0" encoding="UTF-8"?>
<!-- Generated by org.testng.reporters.JUnitReportReporter -->
<testsuite hostname="DESKTOP-35PKLNE" failures="0" tests="1" name="com.soucelabs.tests.DemoLoginPagetest" time="6.224" errors="0" timestamp="2021-03-13T22:46:32 CET" skipped="0">
  <testcase classname="com.soucelabs.tests.DemoLoginPagetest" name="loginTest" time="6.224"/>
  <system-out/>
</testsuite> <!-- com.soucelabs.tests.DemoLoginPagetest -->
